Performing C SOURCE FILE Test CMAKE_HAVE_LIBC_PTHREAD failed with the following output:
Change Dir: /sps/nemo/scratch/amendl/AI/ExAegir/_build.d/CMakeFiles/CMakeTmp

Run Build Command(s):/usr/bin/gmake -f Makefile cmTC_1495e/fast && /usr/bin/gmake  -f CMakeFiles/cmTC_1495e.dir/build.make CMakeFiles/cmTC_1495e.dir/build
gmake[1]: Entering directory `/sps/nemo/scratch/amendl/AI/ExAegir/_build.d/CMakeFiles/CMakeTmp'
Building C object CMakeFiles/cmTC_1495e.dir/src.c.o
/pbs/software/centos-7-x86_64/gcc/7.3.0/bin/gcc -DCMAKE_HAVE_LIBC_PTHREAD   -o CMakeFiles/cmTC_1495e.dir/src.c.o -c /sps/nemo/scratch/amendl/AI/ExAegir/_build.d/CMakeFiles/CMakeTmp/src.c
Linking C executable cmTC_1495e
/pbs/software/centos-7-x86_64/cmake/3.20.2/bin/cmake -E cmake_link_script CMakeFiles/cmTC_1495e.dir/link.txt --verbose=1
/pbs/software/centos-7-x86_64/gcc/7.3.0/bin/gcc -L/pbs/software/centos-7-x86_64/python/2.7.15/lib  -rdynamic CMakeFiles/cmTC_1495e.dir/src.c.o -o cmTC_1495e 
CMakeFiles/cmTC_1495e.dir/src.c.o: In function `main':
src.c:(.text+0x2d): undefined reference to `pthread_create'
src.c:(.text+0x39): undefined reference to `pthread_detach'
src.c:(.text+0x45): undefined reference to `pthread_cancel'
src.c:(.text+0x56): undefined reference to `pthread_join'
src.c:(.text+0x6a): undefined reference to `pthread_atfork'
collect2: error: ld returned 1 exit status
gmake[1]: *** [cmTC_1495e] Error 1
gmake[1]: Leaving directory `/sps/nemo/scratch/amendl/AI/ExAegir/_build.d/CMakeFiles/CMakeTmp'
gmake: *** [cmTC_1495e/fast] Error 2


Source file was:
#include <pthread.h>

static void* test_func(void* data)
{
  return data;
}

int main(void)
{
  pthread_t thread;
  pthread_create(&thread, NULL, test_func, NULL);
  pthread_detach(thread);
  pthread_cancel(thread);
  pthread_join(thread, NULL);
  pthread_atfork(NULL, NULL, NULL);
  pthread_exit(NULL);

  return 0;
}

Determining if the function pthread_create exists in the pthreads failed with the following output:
Change Dir: /sps/nemo/scratch/amendl/AI/ExAegir/_build.d/CMakeFiles/CMakeTmp

Run Build Command(s):/usr/bin/gmake -f Makefile cmTC_d372e/fast && /usr/bin/gmake  -f CMakeFiles/cmTC_d372e.dir/build.make CMakeFiles/cmTC_d372e.dir/build
gmake[1]: Entering directory `/sps/nemo/scratch/amendl/AI/ExAegir/_build.d/CMakeFiles/CMakeTmp'
Building C object CMakeFiles/cmTC_d372e.dir/CheckFunctionExists.c.o
/pbs/software/centos-7-x86_64/gcc/7.3.0/bin/gcc   -DCHECK_FUNCTION_EXISTS=pthread_create -o CMakeFiles/cmTC_d372e.dir/CheckFunctionExists.c.o -c /pbs/software/centos-7-x86_64/cmake/3.20.2/share/cmake-3.20/Modules/CheckFunctionExists.c
Linking C executable cmTC_d372e
/pbs/software/centos-7-x86_64/cmake/3.20.2/bin/cmake -E cmake_link_script CMakeFiles/cmTC_d372e.dir/link.txt --verbose=1
/pbs/software/centos-7-x86_64/gcc/7.3.0/bin/gcc  -DCHECK_FUNCTION_EXISTS=pthread_create -L/pbs/software/centos-7-x86_64/python/2.7.15/lib  -rdynamic CMakeFiles/cmTC_d372e.dir/CheckFunctionExists.c.o -o cmTC_d372e  -lpthreads 
/usr/bin/ld: cannot find -lpthreads
collect2: error: ld returned 1 exit status
gmake[1]: *** [cmTC_d372e] Error 1
gmake[1]: Leaving directory `/sps/nemo/scratch/amendl/AI/ExAegir/_build.d/CMakeFiles/CMakeTmp'
gmake: *** [cmTC_d372e/fast] Error 2



